<?xml version="1.0" encoding="UTF-8"?>
<coverage line-rate="0.75" branch-rate="0" version="fixture">
  <packages>
    <package name="dvs">
      <classes>
        <class name="Domain" filename="src/domain/src/Module.cpp">
          <lines>
            <line number="1" hits="1"/>
            <line number="2" hits="1"/>
            <line number="3" hits="1"/>
            <line number="4" hits="0"/>
          </lines>
        </class>
        <class name="ComparisonValidator" filename="src/domain/src/ComparisonValidator.cpp">
          <lines>
            <line number="1" hits="1"/>
          </lines>
        </class>
        <class name="FrameTimeline" filename="src/domain/src/FrameTimeline.cpp">
          <lines>
            <line number="1" hits="1"/>
          </lines>
        </class>
        <class name="MediaDescriptor" filename="src/domain/src/MediaDescriptor.cpp">
          <lines>
            <line number="1" hits="1"/>
          </lines>
        </class>
        <class name="MediaError" filename="src/domain/src/MediaError.cpp">
          <lines>
            <line number="1" hits="1"/>
          </lines>
        </class>
        <class name="RationalRate" filename="src/domain/src/RationalRate.cpp">
          <lines>
            <line number="1" hits="1"/>
          </lines>
        </class>
        <class name="Application" filename="src/application/src/Module.cpp">
          <lines>
            <line number="1" hits="2"/>
            <line number="2" hits="1"/>
          </lines>
        </class>
        <class name="Alignment" filename="src/application/src/Alignment.cpp">
          <lines>
            <line number="1" hits="1"/>
          </lines>
        </class>
        <class name="AlignmentCacheIdentity"
               filename="src/application/src/AlignmentCacheIdentity.cpp">
          <lines>
            <line number="1" hits="1"/>
          </lines>
        </class>
        <class name="AlignmentWorkEstimator"
               filename="src/application/src/AlignmentWorkEstimator.cpp">
          <lines>
            <line number="1" hits="1"/>
          </lines>
        </class>
        <class name="AlignmentWorkflow"
               filename="src/application/src/AlignmentWorkflow.cpp">
          <lines>
            <line number="1" hits="1"/>
          </lines>
        </class>
        <class name="ComparisonExactness"
               filename="src/application/src/ComparisonExactness.cpp">
          <lines>
            <line number="1" hits="1"/>
          </lines>
        </class>
        <class name="CoordinatorPublication"
               filename="src/application/src/CoordinatorPublication.cpp">
          <lines>
            <line number="1" hits="1"/>
          </lines>
        </class>
        <class name="PlaybackCoordinator" filename="src/application/src/PlaybackCoordinator.cpp">
          <lines>
            <line number="1" hits="1"/>
          </lines>
        </class>
        <class name="PlaybackTrace" filename="src/application/src/PlaybackTrace.cpp">
          <lines>
            <line number="1" hits="1"/>
          </lines>
        </class>
        <class name="PrefetchScheduler" filename="src/application/src/PrefetchScheduler.cpp">
          <lines>
            <line number="1" hits="1"/>
          </lines>
        </class>
        <class name="PlaybackTiming" filename="src/application/src/PlaybackTiming.cpp">
          <lines>
            <line number="1" hits="1"/>
          </lines>
        </class>
        <class name="SessionSnapshot" filename="src/application/src/SessionSnapshot.cpp">
          <lines>
            <line number="1" hits="1"/>
          </lines>
        </class>
        <class name="PlaybackCoordinator"
               filename="src/application/src/PlaybackCoordinator.cpp">
          <lines>
            <line number="1" hits="1"/>
          </lines>
        </class>
        <class name="IgnoredTest" filename="tests/unit/domain/ExampleTests.cpp">
          <lines>
            <line number="1" hits="0"/>
          </lines>
        </class>
      </classes>
    </package>
  </packages>
</coverage>
